<?xml version="1.0" encoding="UTF-8"?>
<!-- Generated by org.testng.reporters.JUnitReportReporter -->
<testsuite name="fte.testrunner.ParallelRun" tests="3" time="289.304" ignored="0" failures="1" timestamp="21 May 2021 06:45:45 GMT" skipped="0" hostname="DESKTOP-7L3CT2G" errors="0">
  <testcase name="runScenario" time="65.888" classname="fte.testrunner.ParallelRun">
    <failure type="java.lang.AssertionError">
      <![CDATA[java.lang.AssertionError
	at org.junit.Assert.fail(Assert.java:87)
	at org.junit.Assert.assertTrue(Assert.java:42)
	at org.junit.Assert.assertFalse(Assert.java:65)
	at org.junit.Assert.assertFalse(Assert.java:75)
	at parallel.LoginTestcase.page_text_should_be_titled_as(LoginTestcase.java:62)
	at ✽.page text should be titled as "Microsoft Cloud Accelerator Program"(file:///C:/Users/91729/OneDrive/Documents/Aegis%20Projects%20Automation/FTE_Nomination_tool_Automation/src/test/resources/parallel/LoginPage.feature:14)
]]>
    </failure>
  </testcase> <!-- runScenario -->
  <testcase name="runScenario" time="115.903" classname="fte.testrunner.ParallelRun"/>
  <testcase name="runScenario" time="107.513" classname="fte.testrunner.ParallelRun"/>
</testsuite> <!-- fte.testrunner.ParallelRun -->
